<?xml version="1.0" encoding="UTF-8"?>
<testsuite name="com.example.random_meme_api.RandomMemeApiApplicationTests" tests="1" skipped="0" failures="0" errors="0" timestamp="2022-09-19T16:21:46" hostname="MDKAIF" time="0.414">
  <properties/>
  <testcase name="contextLoads()" classname="com.example.random_meme_api.RandomMemeApiApplicationTests" time="0.414"/>
  <system-out><![CDATA[22:21:44.696 [Test worker] DEBUG org.springframework.test.context.BootstrapUtils - Instantiating CacheAwareContextLoaderDelegate from class [org.springframework.test.context.cache.DefaultCacheAwareContextLoaderDelegate]
22:21:44.704 [Test worker] DEBUG org.springframework.test.context.BootstrapUtils - Instantiating BootstrapContext using constructor [public org.springframework.test.context.support.DefaultBootstrapContext(java.lang.Class,org.springframework.test.context.CacheAwareContextLoaderDelegate)]
22:21:44.734 [Test worker] DEBUG org.springframework.test.context.BootstrapUtils - Instantiating TestContextBootstrapper for test class [com.example.random_meme_api.RandomMemeApiApplicationTests] from class [org.springframework.boot.test.context.SpringBootTestContextBootstrapper]
22:21:44.742 [Test worker] INFO org.springframework.boot.test.context.SpringBootTestContextBootstrapper - Neither @ContextConfiguration nor @ContextHierarchy found for test class [com.example.random_meme_api.RandomMemeApiApplicationTests], using SpringBootContextLoader
22:21:44.745 [Test worker] DEBUG org.springframework.test.context.support.AbstractContextLoader - Did not detect default resource location for test class [com.example.random_meme_api.RandomMemeApiApplicationTests]: class path resource [com/example/random_meme_api/RandomMemeApiApplicationTests-context.xml] does not exist
22:21:44.746 [Test worker] DEBUG org.springframework.test.context.support.AbstractContextLoader - Did not detect default resource location for test class [com.example.random_meme_api.RandomMemeApiApplicationTests]: class path resource [com/example/random_meme_api/RandomMemeApiApplicationTestsContext.groovy] does not exist
22:21:44.746 [Test worker] INFO org.springframework.test.context.support.AbstractContextLoader - Could not detect default resource locations for test class [com.example.random_meme_api.RandomMemeApiApplicationTests]: no resource found for suffixes {-context.xml, Context.groovy}.
22:21:44.747 [Test worker] INFO org.springframework.test.context.support.AnnotationConfigContextLoaderUtils - Could not detect default configuration classes for test class [com.example.random_meme_api.RandomMemeApiApplicationTests]: RandomMemeApiApplicationTests does not declare any static, non-private, non-final, nested classes annotated with @Configuration.
22:21:44.797 [Test worker] DEBUG org.springframework.test.context.support.ActiveProfilesUtils - Could not find an 'annotation declaring class' for annotation type [org.springframework.test.context.ActiveProfiles] and class [com.example.random_meme_api.RandomMemeApiApplicationTests]
22:21:44.861 [Test worker] DEBUG org.springframework.context.annotation.ClassPathScanningCandidateComponentProvider - Identified candidate component class: file [G:\Proggrams\Random_meme_api\build\classes\java\main\com\example\random_meme_api\RandomMemeApiApplication.class]
22:21:44.862 [Test worker] INFO org.springframework.boot.test.context.SpringBootTestContextBootstrapper - Found @SpringBootConfiguration com.example.random_meme_api.RandomMemeApiApplication for test class com.example.random_meme_api.RandomMemeApiApplicationTests
22:21:44.976 [Test worker] DEBUG org.springframework.boot.test.context.SpringBootTestContextBootstrapper - @TestExecutionListeners is not present for class [com.example.random_meme_api.RandomMemeApiApplicationTests]: using defaults.
22:21:44.977 [Test worker] INFO org.springframework.boot.test.context.SpringBootTestContextBootstrapper - Loaded default TestExecutionListener class names from location [META-INF/spring.factories]: [org.springframework.boot.test.autoconfigure.restdocs.RestDocsTestExecutionListener, org.springframework.boot.test.autoconfigure.web.client.MockRestServiceServerResetTestExecutionListener, org.springframework.boot.test.autoconfigure.web.servlet.MockMvcPrintOnlyOnFailureTestExecutionListener, org.springframework.boot.test.autoconfigure.web.servlet.WebDriverTestExecutionListener, org.springframework.boot.test.autoconfigure.webservices.client.MockWebServiceServerTestExecutionListener, org.springframework.boot.test.mock.mockito.MockitoTestExecutionListener, org.springframework.boot.test.mock.mockito.ResetMocksTestExecutionListener, org.springframework.test.context.web.ServletTestExecutionListener, org.springframework.test.context.support.DirtiesContextBeforeModesTestExecutionListener, org.springframework.test.context.event.ApplicationEventsTestExecutionListener, org.springframework.test.context.support.DependencyInjectionTestExecutionListener, org.springframework.test.context.support.DirtiesContextTestExecutionListener, org.springframework.test.context.transaction.TransactionalTestExecutionListener, org.springframework.test.context.jdbc.SqlScriptsTestExecutionListener, org.springframework.test.context.event.EventPublishingTestExecutionListener]
22:21:44.989 [Test worker] DEBUG org.springframework.boot.test.context.SpringBootTestContextBootstrapper - Skipping candidate TestExecutionListener [org.springframework.test.context.transaction.TransactionalTestExecutionListener] due to a missing dependency. Specify custom listener classes or make the default listener classes and their required dependencies available. Offending class: [org/springframework/transaction/interceptor/TransactionAttributeSource]
22:21:44.990 [Test worker] DEBUG org.springframework.boot.test.context.SpringBootTestContextBootstrapper - Skipping candidate TestExecutionListener [org.springframework.test.context.jdbc.SqlScriptsTestExecutionListener] due to a missing dependency. Specify custom listener classes or make the default listener classes and their required dependencies available. Offending class: [org/springframework/transaction/interceptor/TransactionAttribute]
22:21:44.990 [Test worker] INFO org.springframework.boot.test.context.SpringBootTestContextBootstrapper - Using TestExecutionListeners: [org.springframework.test.context.web.ServletTestExecutionListener@631e06ab, org.springframework.test.context.support.DirtiesContextBeforeModesTestExecutionListener@2a3591c5, org.springframework.test.context.event.ApplicationEventsTestExecutionListener@34a75079, org.springframework.boot.test.mock.mockito.MockitoTestExecutionListener@346a361, org.springframework.boot.test.autoconfigure.SpringBootDependencyInjectionTestExecutionListener@107ed6fc, org.springframework.test.context.support.DirtiesContextTestExecutionListener@1643d68f, org.springframework.test.context.event.EventPublishingTestExecutionListener@186978a6, org.springframework.boot.test.autoconfigure.restdocs.RestDocsTestExecutionListener@2e029d61, org.springframework.boot.test.autoconfigure.web.client.MockRestServiceServerResetTestExecutionListener@482d776b, org.springframework.boot.test.autoconfigure.web.servlet.MockMvcPrintOnlyOnFailureTestExecutionListener@4052274f, org.springframework.boot.test.autoconfigure.web.servlet.WebDriverTestExecutionListener@132ddbab, org.springframework.boot.test.autoconfigure.webservices.client.MockWebServiceServerTestExecutionListener@297ea53a, org.springframework.boot.test.mock.mockito.ResetMocksTestExecutionListener@acb0951]
22:21:44.994 [Test worker] DEBUG org.springframework.test.context.support.AbstractDirtiesContextTestExecutionListener - Before test class: context [DefaultTestContext@ab7a938 testClass = RandomMemeApiApplicationTests, testInstance = [null], testMethod = [null], testException = [null], mergedContextConfiguration = [WebMergedContextConfiguration@3faf2e7d testClass = RandomMemeApiApplicationTests, locations = '{}', classes = '{class com.example.random_meme_api.RandomMemeApiApplication}', contextInitializerClasses = '[]', activeProfiles = '{}', propertySourceLocations = '{}', propertySourceProperties = '{org.springframework.boot.test.context.SpringBootTestContextBootstrapper=true}', contextCustomizers = set[org.springframework.boot.test.autoconfigure.actuate.metrics.MetricsExportContextCustomizerFactory$DisableMetricExportContextCustomizer@29a0cdb, org.springframework.boot.test.autoconfigure.properties.PropertyMappingContextCustomizer@0, org.springframework.boot.test.autoconfigure.web.servlet.WebDriverContextCustomizerFactory$Customizer@386f0da3, org.springframework.boot.test.context.filter.ExcludeFilterContextCustomizer@6e4566f1, org.springframework.boot.test.json.DuplicateJsonObjectContextCustomizerFactory$DuplicateJsonObjectContextCustomizer@648c94da, org.springframework.boot.test.mock.mockito.MockitoContextCustomizer@0, org.springframework.boot.test.web.client.TestRestTemplateContextCustomizer@460ebd80, org.springframework.boot.test.context.SpringBootTestArgs@1, org.springframework.boot.test.context.SpringBootTestWebEnvironment@50ad3bc1], resourceBasePath = 'src/main/webapp', contextLoader = 'org.springframework.boot.test.context.SpringBootContextLoader', parent = [null]], attributes = map['org.springframework.test.context.web.ServletTestExecutionListener.activateListener' -> true]], class annotated with @DirtiesContext [false] with mode [null].

  .   ____          _            __ _ _
 /\\ / ___'_ __ _ _(_)_ __  __ _ \ \ \ \
( ( )\___ | '_ | '_| | '_ \/ _` | \ \ \ \
 \\/  ___)| |_)| | | | | || (_| |  ) ) ) )
  '  |____| .__|_| |_|_| |_\__, | / / / /
 =========|_|==============|___/=/_/_/_/
 :: Spring Boot ::                (v2.7.3)

2022-09-19 22:21:45.312  INFO 23716 --- [    Test worker] c.e.r.RandomMemeApiApplicationTests      : Starting RandomMemeApiApplicationTests using Java 17.0.3 on MDKAIF with PID 23716 (started by Md Kaif Ibn Zaman in G:\Proggrams\Random_meme_api)
2022-09-19 22:21:45.314  INFO 23716 --- [    Test worker] c.e.r.RandomMemeApiApplicationTests      : No active profile set, falling back to 1 default profile: "default"
2022-09-19 22:21:45.964  INFO 23716 --- [    Test worker] trationDelegate$BeanPostProcessorChecker : Bean 'org.springframework.ws.config.annotation.DelegatingWsConfiguration' of type [org.springframework.ws.config.annotation.DelegatingWsConfiguration$$EnhancerBySpringCGLIB$$1d554c8f] is not eligible for getting processed by all BeanPostProcessors (for example: not eligible for auto-proxying)
2022-09-19 22:21:46.021  INFO 23716 --- [    Test worker] .w.s.a.s.AnnotationActionEndpointMapping : Supporting [WS-Addressing August 2004, WS-Addressing 1.0]
2022-09-19 22:21:46.798  INFO 23716 --- [    Test worker] c.e.r.RandomMemeApiApplicationTests      : Started RandomMemeApiApplicationTests in 1.76 seconds (JVM running for 2.946)
]]></system-out>
  <system-err><![CDATA[]]></system-err>
</testsuite>
